# JRE version: OpenJDK Runtime Environment (8.0_152-b06) (build 1.8.0_152-release-1136-b06)
# Java VM: OpenJDK 64-Bit Server VM (25.152-b06 mixed mode windows-amd64 compressed oops)
Heap:
 PSYoungGen      total 491008K, used 302089K [0x00000000e0000000, 0x0000000100000000, 0x0000000100000000)
  eden space 470528K, 62% used [0x00000000e0000000,0x00000000f1eccde8,0x00000000fcb80000)
  from space 20480K, 41% used [0x00000000fcb80000,0x00000000fd3b5870,0x00000000fdf80000)
  to   space 19968K, 0% used [0x00000000fec80000,0x00000000fec80000,0x0000000100000000)
 ParOldGen       total 171008K, used 93123K [0x00000000a0000000, 0x00000000aa700000, 0x00000000e0000000)
  object space 171008K, 54% used [0x00000000a0000000,0x00000000a5af0c40,0x00000000aa700000)
 Metaspace       used 90693K, capacity 96121K, committed 96148K, reserved 1132544K
  class space    used 11517K, capacity 12464K, committed 12476K, reserved 1048576K
GC Heap History (10 events):
Event: 513.552 GC heap before
{Heap before GC invocations=41 (full 4):
 PSYoungGen      total 396288K, used 379264K [0x00000000e0000000, 0x00000000f9c00000, 0x0000000100000000)
  eden space 378880K, 100% used [0x00000000e0000000,0x00000000f7200000,0x00000000f7200000)
  from space 17408K, 2% used [0x00000000f8b00000,0x00000000f8b60000,0x00000000f9c00000)
  to   space 21504K, 0% used [0x00000000f7200000,0x00000000f7200000,0x00000000f8700000)
 ParOldGen       total 171008K, used 85465K [0x00000000a0000000, 0x00000000aa700000, 0x00000000e0000000)
  object space 171008K, 49% used [0x00000000a0000000,0x00000000a5376540,0x00000000aa700000)
 Metaspace       used 89736K, capacity 94577K, committed 94740K, reserved 1132544K
  class space    used 11442K, capacity 12328K, committed 12348K, reserved 1048576K
Event: 513.562 GC heap after
Heap after GC invocations=41 (full 4):
 PSYoungGen      total 400384K, used 12355K [0x00000000e0000000, 0x00000000fd200000, 0x0000000100000000)
  eden space 378880K, 0% used [0x00000000e0000000,0x00000000e0000000,0x00000000f7200000)
  from space 21504K, 57% used [0x00000000f7200000,0x00000000f7e10e08,0x00000000f8700000)
  to   space 22016K, 0% used [0x00000000fbc80000,0x00000000fbc80000,0x00000000fd200000)
 ParOldGen       total 171008K, used 85545K [0x00000000a0000000, 0x00000000aa700000, 0x00000000e0000000)
  object space 171008K, 50% used [0x00000000a0000000,0x00000000a538a540,0x00000000aa700000)
 Metaspace       used 89736K, capacity 94577K, committed 94740K, reserved 1132544K
  class space    used 11442K, capacity 12328K, committed 12348K, reserved 1048576K
}
Event: 520.496 GC heap before
{Heap before GC invocations=42 (full 4):
 PSYoungGen      total 400384K, used 390262K [0x00000000e0000000, 0x00000000fd200000, 0x0000000100000000)
  eden space 378880K, 99% used [0x00000000e0000000,0x00000000f710cbb8,0x00000000f7200000)
  from space 21504K, 57% used [0x00000000f7200000,0x00000000f7e10e08,0x00000000f8700000)
  to   space 22016K, 0% used [0x00000000fbc80000,0x00000000fbc80000,0x00000000fd200000)
 ParOldGen       total 171008K, used 85545K [0x00000000a0000000, 0x00000000aa700000, 0x00000000e0000000)
  object space 171008K, 50% used [0x00000000a0000000,0x00000000a538a540,0x00000000aa700000)
 Metaspace       used 89827K, capacity 94781K, committed 94996K, reserved 1132544K
  class space    used 11443K, capacity 12330K, committed 12348K, reserved 1048576K
Event: 520.504 GC heap after
Heap after GC invocations=42 (full 4):
 PSYoungGen      total 440832K, used 5186K [0x00000000e0000000, 0x00000000fca00000, 0x0000000100000000)
  eden space 427008K, 0% used [0x00000000e0000000,0x00000000e0000000,0x00000000fa100000)
  from space 13824K, 37% used [0x00000000fbc80000,0x00000000fc190a78,0x00000000fca00000)
  to   space 20992K, 0% used [0x00000000fa100000,0x00000000fa100000,0x00000000fb580000)
 ParOldGen       total 171008K, used 91115K [0x00000000a0000000, 0x00000000aa700000, 0x00000000e0000000)
  object space 171008K, 53% used [0x00000000a0000000,0x00000000a58fae58,0x00000000aa700000)
 Metaspace       used 89827K, capacity 94781K, committed 94996K, reserved 1132544K
  class space    used 11443K, capacity 12330K, committed 12348K, reserved 1048576K
}
Event: 521.475 GC heap before
{Heap before GC invocations=43 (full 4):
 PSYoungGen      total 440832K, used 432194K [0x00000000e0000000, 0x00000000fca00000, 0x0000000100000000)
  eden space 427008K, 100% used [0x00000000e0000000,0x00000000fa100000,0x00000000fa100000)
  from space 13824K, 37% used [0x00000000fbc80000,0x00000000fc190a78,0x00000000fca00000)
  to   space 20992K, 0% used [0x00000000fa100000,0x00000000fa100000,0x00000000fb580000)
 ParOldGen       total 171008K, used 91115K [0x00000000a0000000, 0x00000000aa700000, 0x00000000e0000000)
  object space 171008K, 53% used [0x00000000a0000000,0x00000000a58fae58,0x00000000aa700000)
 Metaspace       used 89873K, capacity 94845K, committed 94996K, reserved 1132544K
  class space    used 11443K, capacity 12330K, committed 12348K, reserved 1048576K
Event: 521.480 GC heap after
Heap after GC invocations=43 (full 4):
 PSYoungGen      total 448000K, used 2220K [0x00000000e0000000, 0x00000000ffa80000, 0x0000000100000000)
  eden space 427008K, 0% used [0x00000000e0000000,0x00000000e0000000,0x00000000fa100000)
  from space 20992K, 10% used [0x00000000fa100000,0x00000000fa32b120,0x00000000fb580000)
  to   space 20480K, 0% used [0x00000000fe680000,0x00000000fe680000,0x00000000ffa80000)
 ParOldGen       total 171008K, used 93107K [0x00000000a0000000, 0x00000000aa700000, 0x00000000e0000000)
  object space 171008K, 54% used [0x00000000a0000000,0x00000000a5aecc40,0x00000000aa700000)
 Metaspace       used 89873K, capacity 94845K, committed 94996K, reserved 1132544K
  class space    used 11443K, capacity 12330K, committed 12348K, reserved 1048576K
}
Event: 633.577 GC heap before
{Heap before GC invocations=44 (full 4):
 PSYoungGen      total 448000K, used 429228K [0x00000000e0000000, 0x00000000ffa80000, 0x0000000100000000)
  eden space 427008K, 100% used [0x00000000e0000000,0x00000000fa100000,0x00000000fa100000)
  from space 20992K, 10% used [0x00000000fa100000,0x00000000fa32b120,0x00000000fb580000)
  to   space 20480K, 0% used [0x00000000fe680000,0x00000000fe680000,0x00000000ffa80000)
 ParOldGen       total 171008K, used 93107K [0x00000000a0000000, 0x00000000aa700000, 0x00000000e0000000)
  object space 171008K, 54% used [0x00000000a0000000,0x00000000a5aecc40,0x00000000aa700000)
 Metaspace       used 90131K, capacity 95025K, committed 95252K, reserved 1132544K
  class space    used 11448K, capacity 12336K, committed 12348K, reserved 1048576K
Event: 633.584 GC heap after
Heap after GC invocations=44 (full 4):
 PSYoungGen      total 483840K, used 10182K [0x00000000e0000000, 0x00000000ff380000, 0x0000000100000000)
  eden space 470528K, 0% used [0x00000000e0000000,0x00000000e0000000,0x00000000fcb80000)
  from space 13312K, 76% used [0x00000000fe680000,0x00000000ff071900,0x00000000ff380000)
  to   space 20480K, 0% used [0x00000000fcb80000,0x00000000fcb80000,0x00000000fdf80000)
 ParOldGen       total 171008K, used 93115K [0x00000000a0000000, 0x00000000aa700000, 0x00000000e0000000)
  object space 171008K, 54% used [0x00000000a0000000,0x00000000a5aeec40,0x00000000aa700000)
 Metaspace       used 90131K, capacity 95025K, committed 95252K, reserved 1132544K
  class space    used 11448K, capacity 12336K, committed 12348K, reserved 1048576K
}
Event: 634.725 GC heap before
{Heap before GC invocations=45 (full 4):
 PSYoungGen      total 483840K, used 480313K [0x00000000e0000000, 0x00000000ff380000, 0x0000000100000000)
  eden space 470528K, 99% used [0x00000000e0000000,0x00000000fcb1ccd0,0x00000000fcb80000)
  from space 13312K, 76% used [0x00000000fe680000,0x00000000ff071900,0x00000000ff380000)
  to   space 20480K, 0% used [0x00000000fcb80000,0x00000000fcb80000,0x00000000fdf80000)
 ParOldGen       total 171008K, used 93115K [0x00000000a0000000, 0x00000000aa700000, 0x00000000e0000000)
  object space 171008K, 54% used [0x00000000a0000000,0x00000000a5aeec40,0x00000000aa700000)
 Metaspace       used 90157K, capacity 95095K, committed 95252K, reserved 1132544K
  class space    used 11448K, capacity 12337K, committed 12348K, reserved 1048576K
Event: 634.731 GC heap after
Heap after GC invocations=45 (full 4):
 PSYoungGen      total 491008K, used 8406K [0x00000000e0000000, 0x0000000100000000, 0x0000000100000000)
  eden space 470528K, 0% used [0x00000000e0000000,0x00000000e0000000,0x00000000fcb80000)
  from space 20480K, 41% used [0x00000000fcb80000,0x00000000fd3b5870,0x00000000fdf80000)
  to   space 19968K, 0% used [0x00000000fec80000,0x00000000fec80000,0x0000000100000000)
 ParOldGen       total 171008K, used 93123K [0x00000000a0000000, 0x00000000aa700000, 0x00000000e0000000)
  object space 171008K, 54% used [0x00000000a0000000,0x00000000a5af0c40,0x00000000aa700000)
 Metaspace       used 90157K, capacity 95095K, committed 95252K, reserved 1132544K
  class space    used 11448K, capacity 12337K, committed 12348K, reserved 1048576K
}

